[2021/08/28 20:33:37.674] - Starting server with initial configuration: {"gasLimit":6721975,"gasPrice":20000000000,"hardfork":"muirGlacier","hostname":"127.0.0.1","port":8545,"network_id":2024,"default_balance_ether":100,"total_accounts":10,"unlocked_accounts":[],"locked":false,"vmErrorsOnRPCResponse":true,"verbose":false,"db_path":"C:\\Users\\ooshy\\AppData\\Roaming\\Ganache\\workspaces\\Flamingo\\chaindata","logDirectory":"R:\\GitHubSasha\\Flamingo-Token\\LOG_DIRC"}
[2021/08/28 20:33:38.204] - eth_subscribe
[2021/08/28 20:33:38.205] - eth_getLogs
[2021/08/28 20:33:38.206] - eth_subscribe
[2021/08/28 20:33:38.464] - eth_subscribe
[2021/08/28 20:33:38.465] - eth_getLogs
[2021/08/28 20:33:38.465] - eth_subscribe
[2021/08/28 20:33:38.532] - eth_blockNumber
[2021/08/28 20:33:38.533] - eth_accounts
[2021/08/28 20:33:38.533] - eth_gasPrice
[2021/08/28 20:33:38.534] - eth_blockNumber
[2021/08/28 20:33:38.534] - eth_getBlockByNumber
[2021/08/28 20:33:38.534] - eth_subscribe
[2021/08/28 20:33:38.535] - eth_accounts
[2021/08/28 20:33:38.536] - eth_gasPrice
[2021/08/28 20:33:38.537] - eth_getBlockByNumber
[2021/08/28 20:33:38.539] - eth_subscribe
[2021/08/28 20:33:38.571] - eth_getBalance
[2021/08/28 20:33:38.575] - eth_getTransactionCount
[2021/08/28 20:33:38.579] - eth_getBalance
[2021/08/28 20:33:38.582] - eth_getTransactionCount
[2021/08/28 20:33:38.585] - eth_getBalance
[2021/08/28 20:33:38.588] - eth_getTransactionCount
[2021/08/28 20:33:38.592] - eth_getBalance
[2021/08/28 20:33:38.594] - eth_getTransactionCount
[2021/08/28 20:33:38.597] - eth_getBalance
[2021/08/28 20:33:38.601] - eth_getTransactionCount
[2021/08/28 20:33:38.603] - eth_getBalance
[2021/08/28 20:33:38.605] - eth_getTransactionCount
[2021/08/28 20:33:38.608] - eth_getBalance
[2021/08/28 20:33:38.612] - eth_getTransactionCount
[2021/08/28 20:33:38.615] - eth_getBalance
[2021/08/28 20:33:38.618] - eth_getTransactionCount
[2021/08/28 20:33:38.621] - eth_getBalance
[2021/08/28 20:33:38.623] - eth_getTransactionCount
[2021/08/28 20:33:38.624] - eth_getBalance
[2021/08/28 20:33:38.626] - eth_getTransactionCount
[2021/08/28 20:33:38.628] - eth_getBalance
[2021/08/28 20:33:38.631] - eth_getTransactionCount
[2021/08/28 20:33:38.631] - eth_getBalance
[2021/08/28 20:33:38.634] - eth_getTransactionCount
[2021/08/28 20:33:38.635] - eth_getBalance
[2021/08/28 20:33:38.637] - eth_getTransactionCount
[2021/08/28 20:33:38.639] - eth_getBalance
[2021/08/28 20:33:38.642] - eth_getTransactionCount
[2021/08/28 20:33:38.643] - eth_getBalance
[2021/08/28 20:33:38.645] - eth_getTransactionCount
[2021/08/28 20:33:38.647] - eth_getBalance
[2021/08/28 20:33:38.649] - eth_getTransactionCount
[2021/08/28 20:33:38.651] - eth_getBalance
[2021/08/28 20:33:38.653] - eth_getTransactionCount
[2021/08/28 20:33:38.656] - eth_getBalance
[2021/08/28 20:33:38.657] - eth_getTransactionCount
[2021/08/28 20:33:38.659] - eth_getBalance
[2021/08/28 20:33:38.661] - eth_getTransactionCount
[2021/08/28 20:33:38.663] - eth_getBalance
[2021/08/28 20:33:38.665] - eth_getTransactionCount
[2021/08/28 20:33:38.732] - eth_getBalance
[2021/08/28 20:33:38.732] - eth_getTransactionCount
[2021/08/28 20:33:38.733] - eth_getBalance
[2021/08/28 20:33:38.737] - eth_getTransactionCount
[2021/08/28 20:33:38.738] - eth_getBalance
[2021/08/28 20:33:38.740] - eth_getTransactionCount
[2021/08/28 20:33:38.743] - eth_getBalance
[2021/08/28 20:33:38.746] - eth_getTransactionCount
[2021/08/28 20:33:38.747] - eth_getBalance
[2021/08/28 20:33:38.749] - eth_getTransactionCount
[2021/08/28 20:33:38.751] - eth_getBalance
[2021/08/28 20:33:38.753] - eth_getTransactionCount
[2021/08/28 20:33:38.754] - eth_getBalance
[2021/08/28 20:33:38.756] - eth_getTransactionCount
[2021/08/28 20:33:38.761] - eth_getBalance
[2021/08/28 20:33:38.764] - eth_getTransactionCount
[2021/08/28 20:33:38.765] - eth_getBalance
[2021/08/28 20:33:38.768] - eth_getTransactionCount
[2021/08/28 20:33:38.770] - eth_getBalance
[2021/08/28 20:33:38.772] - eth_getTransactionCount
[2021/08/28 20:33:38.773] - eth_getBalance
[2021/08/28 20:33:38.776] - eth_getTransactionCount
[2021/08/28 20:33:38.777] - eth_getBalance
[2021/08/28 20:33:38.782] - eth_getTransactionCount
[2021/08/28 20:33:38.783] - eth_getBalance
[2021/08/28 20:33:38.785] - eth_getTransactionCount
[2021/08/28 20:33:38.788] - eth_getBalance
[2021/08/28 20:33:38.790] - eth_getTransactionCount
[2021/08/28 20:33:38.792] - eth_getBalance
[2021/08/28 20:33:38.793] - eth_getTransactionCount
[2021/08/28 20:33:38.795] - eth_getBalance
[2021/08/28 20:33:38.798] - eth_getTransactionCount
[2021/08/28 20:33:38.801] - eth_getBalance
[2021/08/28 20:33:38.801] - eth_getTransactionCount
[2021/08/28 20:33:38.802] - eth_getBalance
[2021/08/28 20:33:38.804] - eth_getTransactionCount
[2021/08/28 20:33:38.806] - eth_getBalance
[2021/08/28 20:33:38.807] - eth_getTransactionCount
[2021/08/28 20:33:38.809] - eth_getBalance
[2021/08/28 20:33:38.811] - eth_getTransactionCount
[2021/08/28 20:44:08.368] - eth_blockNumber
[2021/08/28 20:44:28.422] - eth_blockNumber
[2021/08/28 20:53:23.870] - eth_unsubscribe
[2021/08/28 20:53:23.872] - eth_unsubscribe
