[2021/08/28 21:17:01.363] - Starting server with initial configuration: {"gasLimit":6721975,"gasPrice":20000000000,"hardfork":"muirGlacier","hostname":"127.0.0.1","port":8545,"network_id":2024,"default_balance_ether":100,"total_accounts":10,"unlocked_accounts":[],"locked":false,"vmErrorsOnRPCResponse":true,"verbose":false,"db_path":"C:\\Users\\ooshy\\AppData\\Roaming\\Ganache\\workspaces\\Flamingo\\chaindata","logDirectory":"R:\\GitHubSasha\\Flamingo-Token\\LOG_DIRC"}
[2021/08/28 21:17:01.664] - eth_getCode
[2021/08/28 21:17:01.665] - eth_subscribe
[2021/08/28 21:17:01.665] - eth_getLogs
[2021/08/28 21:17:01.666] - eth_subscribe
[2021/08/28 21:17:01.671] - eth_getCode
[2021/08/28 21:17:01.766] - eth_getCode
[2021/08/28 21:17:01.767] - eth_subscribe
[2021/08/28 21:17:01.768] - eth_getLogs
[2021/08/28 21:17:01.769] - eth_subscribe
[2021/08/28 21:17:01.770] - eth_getCode
[2021/08/28 21:17:01.983] - eth_blockNumber
[2021/08/28 21:17:01.983] - eth_accounts
[2021/08/28 21:17:01.983] - eth_gasPrice
[2021/08/28 21:17:01.984] - eth_getBlockByNumber
[2021/08/28 21:17:01.985] - eth_subscribe
[2021/08/28 21:17:01.985] - eth_blockNumber
[2021/08/28 21:17:01.986] - eth_accounts
[2021/08/28 21:17:01.986] - eth_gasPrice
[2021/08/28 21:17:01.986] - eth_getBlockByNumber
[2021/08/28 21:17:01.986] - eth_subscribe
[2021/08/28 21:17:02.048] - eth_getBalance
[2021/08/28 21:17:02.058] - eth_getTransactionCount
[2021/08/28 21:17:02.067] - eth_getBalance
[2021/08/28 21:17:02.076] - eth_getTransactionCount
[2021/08/28 21:17:02.084] - eth_getBalance
[2021/08/28 21:17:02.094] - eth_getTransactionCount
[2021/08/28 21:17:02.103] - eth_getBalance
[2021/08/28 21:17:02.111] - eth_getTransactionCount
[2021/08/28 21:17:02.119] - eth_getBalance
[2021/08/28 21:17:02.130] - eth_getTransactionCount
[2021/08/28 21:17:02.139] - eth_getBalance
[2021/08/28 21:17:02.147] - eth_getTransactionCount
[2021/08/28 21:17:02.157] - eth_getBalance
[2021/08/28 21:17:02.164] - eth_getTransactionCount
[2021/08/28 21:17:02.174] - eth_getBalance
[2021/08/28 21:17:02.184] - eth_getTransactionCount
[2021/08/28 21:17:02.193] - eth_getBalance
[2021/08/28 21:17:02.201] - eth_getTransactionCount
[2021/08/28 21:17:02.210] - eth_getBalance
[2021/08/28 21:17:02.219] - eth_getTransactionCount
[2021/08/28 21:17:02.227] - eth_getBalance
[2021/08/28 21:17:02.236] - eth_getTransactionCount
[2021/08/28 21:17:02.244] - eth_getBalance
[2021/08/28 21:17:02.253] - eth_getTransactionCount
[2021/08/28 21:17:02.260] - eth_getBalance
[2021/08/28 21:17:02.271] - eth_getTransactionCount
[2021/08/28 21:17:02.278] - eth_getBalance
[2021/08/28 21:17:02.288] - eth_getTransactionCount
[2021/08/28 21:17:02.297] - eth_getBalance
[2021/08/28 21:17:02.305] - eth_getTransactionCount
[2021/08/28 21:17:02.313] - eth_getBalance
[2021/08/28 21:17:02.320] - eth_getTransactionCount
[2021/08/28 21:17:02.331] - eth_getBalance
[2021/08/28 21:17:02.338] - eth_getTransactionCount
[2021/08/28 21:17:02.347] - eth_getBalance
[2021/08/28 21:17:02.358] - eth_getTransactionCount
[2021/08/28 21:17:02.366] - eth_getBalance
[2021/08/28 21:17:02.376] - eth_getTransactionCount
[2021/08/28 21:17:02.385] - eth_getBalance
[2021/08/28 21:17:02.394] - eth_getTransactionCount
[2021/08/28 21:17:02.526] - eth_getBalance
[2021/08/28 21:17:02.538] - eth_getTransactionCount
[2021/08/28 21:17:02.545] - eth_getBalance
[2021/08/28 21:17:02.553] - eth_getTransactionCount
[2021/08/28 21:17:02.562] - eth_getBalance
[2021/08/28 21:17:02.571] - eth_getTransactionCount
[2021/08/28 21:17:02.580] - eth_getBalance
[2021/08/28 21:17:02.587] - eth_getTransactionCount
[2021/08/28 21:17:02.597] - eth_getBalance
[2021/08/28 21:17:02.604] - eth_getTransactionCount
[2021/08/28 21:17:02.614] - eth_getBalance
[2021/08/28 21:17:02.623] - eth_getTransactionCount
[2021/08/28 21:17:02.631] - eth_getBalance
[2021/08/28 21:17:02.640] - eth_getTransactionCount
[2021/08/28 21:17:02.648] - eth_getBalance
[2021/08/28 21:17:02.658] - eth_getTransactionCount
[2021/08/28 21:17:02.666] - eth_getBalance
[2021/08/28 21:17:02.675] - eth_getTransactionCount
[2021/08/28 21:17:02.683] - eth_getBalance
[2021/08/28 21:17:02.692] - eth_getTransactionCount
[2021/08/28 21:17:02.699] - eth_getBalance
[2021/08/28 21:17:02.710] - eth_getTransactionCount
[2021/08/28 21:17:02.718] - eth_getBalance
[2021/08/28 21:17:02.726] - eth_getTransactionCount
[2021/08/28 21:17:02.738] - eth_getBalance
[2021/08/28 21:17:02.745] - eth_getTransactionCount
[2021/08/28 21:17:02.754] - eth_getBalance
[2021/08/28 21:17:02.761] - eth_getTransactionCount
[2021/08/28 21:17:02.771] - eth_getBalance
[2021/08/28 21:17:02.779] - eth_getTransactionCount
[2021/08/28 21:17:02.788] - eth_getBalance
[2021/08/28 21:17:02.796] - eth_getTransactionCount
[2021/08/28 21:17:02.805] - eth_getBalance
[2021/08/28 21:17:02.813] - eth_getTransactionCount
[2021/08/28 21:17:02.822] - eth_getBalance
[2021/08/28 21:17:02.831] - eth_getTransactionCount
[2021/08/28 21:17:02.838] - eth_getBalance
[2021/08/28 21:17:02.849] - eth_getTransactionCount
[2021/08/28 21:17:02.856] - eth_getBalance
[2021/08/28 21:17:02.866] - eth_getTransactionCount
[2021/08/28 21:17:06.587] - eth_blockNumber
[2021/08/28 21:17:06.604] - eth_blockNumber
[2021/08/28 21:17:06.616] - eth_getBalance
[2021/08/28 21:17:06.632] - eth_getBalance
[2021/08/28 21:17:06.647] - eth_getBalance
[2021/08/28 21:17:06.663] - eth_getBalance
[2021/08/28 21:17:06.668] - eth_getBalance
[2021/08/28 21:17:06.685] - eth_getBalance
[2021/08/28 21:17:06.705] - eth_getBalance
[2021/08/28 21:17:06.715] - eth_getBalance
[2021/08/28 21:17:06.730] - eth_getBalance
[2021/08/28 21:17:06.745] - eth_getBlockByNumber
[2021/08/28 21:17:23.413] - eth_blockNumber
[2021/08/28 21:17:23.420] - net_version
[2021/08/28 21:17:23.451] - eth_getBalance
[2021/08/28 21:17:23.452] - eth_getBalance
[2021/08/28 21:17:23.453] - eth_getBalance
[2021/08/28 21:17:23.455] - eth_getBalance
[2021/08/28 21:17:23.456] - eth_getBalance
[2021/08/28 21:17:23.456] - eth_getBalance
[2021/08/28 21:17:23.463] - eth_getBalance
[2021/08/28 21:17:23.463] - eth_getBalance
[2021/08/28 21:17:23.466] - eth_getBalance
[2021/08/28 21:17:23.471] - eth_getBlockByNumber
[2021/08/28 21:17:32.557] - eth_blockNumber
[2021/08/28 21:17:32.570] - net_version
[2021/08/28 21:17:32.594] - eth_getBalance
[2021/08/28 21:17:32.611] - eth_getBalance
[2021/08/28 21:17:32.627] - eth_getBalance
[2021/08/28 21:17:32.643] - eth_getBalance
[2021/08/28 21:17:32.658] - eth_getBalance
[2021/08/28 21:17:32.673] - eth_getBalance
[2021/08/28 21:17:32.692] - eth_getBalance
[2021/08/28 21:17:32.704] - eth_getBalance
[2021/08/28 21:17:32.720] - eth_getBalance
[2021/08/28 21:17:32.736] - eth_getBlockByNumber
[2021/08/28 21:17:41.598] - eth_blockNumber
[2021/08/28 21:17:41.725] - eth_blockNumber
[2021/08/28 21:17:52.627] - eth_blockNumber
[2021/08/28 21:18:01.648] - eth_blockNumber
[2021/08/28 21:18:08.968] - eth_blockNumber
[2021/08/28 21:18:12.641] - eth_blockNumber
[2021/08/28 21:18:17.576] - eth_blockNumber
[2021/08/28 21:18:17.584] - net_version
[2021/08/28 21:18:17.618] - eth_getBalance
[2021/08/28 21:18:17.619] - eth_getBalance
[2021/08/28 21:18:17.632] - eth_getBalance
[2021/08/28 21:18:17.634] - eth_getBalance
[2021/08/28 21:18:17.637] - eth_getBalance
[2021/08/28 21:18:17.638] - eth_getBalance
[2021/08/28 21:18:17.640] - eth_getBalance
[2021/08/28 21:18:17.642] - eth_getBalance
[2021/08/28 21:18:17.647] - eth_getBalance
[2021/08/28 21:18:17.647] - eth_getBlockByNumber
[2021/08/28 21:18:24.844] - eth_blockNumber
[2021/08/28 21:18:37.463] - eth_unsubscribe
[2021/08/28 21:18:37.464] - eth_unsubscribe
