[2021/08/28 23:04:03.585] - Starting server with initial configuration: {"gasLimit":6721975,"gasPrice":20000000000,"hardfork":"muirGlacier","hostname":"127.0.0.1","port":8545,"network_id":2024,"default_balance_ether":100,"total_accounts":10,"unlocked_accounts":[],"locked":false,"vmErrorsOnRPCResponse":true,"verbose":false,"db_path":"C:\\Users\\ooshy\\AppData\\Roaming\\Ganache\\workspaces\\Flamingo\\chaindata","logDirectory":"R:\\GitHubSasha\\Flamingo-Token\\LOG_DIRC"}
[2021/08/28 23:04:05.257] - eth_subscribe
[2021/08/28 23:04:05.258] - eth_getLogs
[2021/08/28 23:04:05.258] - eth_subscribe
[2021/08/28 23:04:05.271] - eth_getCode
[2021/08/28 23:04:05.271] - eth_getCode
[2021/08/28 23:04:05.272] - eth_subscribe
[2021/08/28 23:04:05.295] - eth_getLogs
[2021/08/28 23:04:05.296] - eth_subscribe
[2021/08/28 23:04:05.566] - eth_blockNumber
[2021/08/28 23:04:05.567] - eth_accounts
[2021/08/28 23:04:05.567] - eth_gasPrice
[2021/08/28 23:04:05.567] - eth_getBlockByNumber
[2021/08/28 23:04:05.567] - eth_blockNumber
[2021/08/28 23:04:05.568] - eth_subscribe
[2021/08/28 23:04:05.568] - eth_accounts
[2021/08/28 23:04:05.568] - eth_gasPrice
[2021/08/28 23:04:05.573] - eth_getBlockByNumber
[2021/08/28 23:04:05.573] - eth_subscribe
[2021/08/28 23:04:05.701] - eth_getCode
[2021/08/28 23:04:05.702] - eth_getCode
[2021/08/28 23:04:05.780] - eth_accounts
[2021/08/28 23:04:05.837] - eth_getBalance
[2021/08/28 23:04:05.847] - eth_getTransactionCount
[2021/08/28 23:04:05.855] - eth_getBalance
[2021/08/28 23:04:05.865] - eth_getTransactionCount
[2021/08/28 23:04:05.873] - eth_getBalance
[2021/08/28 23:04:05.882] - eth_getTransactionCount
[2021/08/28 23:04:05.892] - eth_getBalance
[2021/08/28 23:04:05.901] - eth_getTransactionCount
[2021/08/28 23:04:05.911] - eth_getBalance
[2021/08/28 23:04:05.933] - eth_getTransactionCount
[2021/08/28 23:04:05.933] - eth_getBalance
[2021/08/28 23:04:05.939] - eth_getTransactionCount
[2021/08/28 23:04:05.953] - eth_getBalance
[2021/08/28 23:04:05.975] - eth_getTransactionCount
[2021/08/28 23:04:05.977] - eth_getBalance
[2021/08/28 23:04:05.984] - eth_getTransactionCount
[2021/08/28 23:04:05.992] - eth_getBalance
[2021/08/28 23:04:06.000] - eth_getTransactionCount
[2021/08/28 23:04:06.028] - eth_getBalance
[2021/08/28 23:04:06.028] - eth_getTransactionCount
[2021/08/28 23:04:06.239] - eth_getBalance
[2021/08/28 23:04:06.254] - eth_getTransactionCount
[2021/08/28 23:04:06.256] - eth_getBalance
[2021/08/28 23:04:06.267] - eth_getTransactionCount
[2021/08/28 23:04:06.275] - eth_getBalance
[2021/08/28 23:04:06.284] - eth_getTransactionCount
[2021/08/28 23:04:06.294] - eth_getBalance
[2021/08/28 23:04:06.302] - eth_getTransactionCount
[2021/08/28 23:04:06.311] - eth_getBalance
[2021/08/28 23:04:06.344] - eth_getTransactionCount
[2021/08/28 23:04:06.344] - eth_getBalance
[2021/08/28 23:04:06.345] - eth_getTransactionCount
[2021/08/28 23:04:06.355] - eth_getBalance
[2021/08/28 23:04:06.364] - eth_getTransactionCount
[2021/08/28 23:04:06.374] - eth_getBalance
[2021/08/28 23:04:06.386] - eth_getTransactionCount
[2021/08/28 23:04:06.393] - eth_getBalance
[2021/08/28 23:04:06.402] - eth_getTransactionCount
[2021/08/28 23:04:06.439] - eth_getBalance
[2021/08/28 23:04:06.449] - eth_getTransactionCount
[2021/08/28 23:04:06.468] - eth_getBalance
[2021/08/28 23:04:06.468] - eth_getTransactionCount
[2021/08/28 23:04:06.476] - eth_getBalance
[2021/08/28 23:04:06.485] - eth_getTransactionCount
[2021/08/28 23:04:06.493] - eth_getBalance
[2021/08/28 23:04:06.504] - eth_getTransactionCount
[2021/08/28 23:04:06.512] - eth_getBalance
[2021/08/28 23:04:06.521] - eth_getTransactionCount
[2021/08/28 23:04:06.533] - eth_getBalance
[2021/08/28 23:04:06.540] - eth_getTransactionCount
[2021/08/28 23:04:06.548] - eth_getBalance
[2021/08/28 23:04:06.559] - eth_getTransactionCount
[2021/08/28 23:04:06.567] - eth_getBalance
[2021/08/28 23:04:06.575] - eth_getTransactionCount
[2021/08/28 23:04:06.650] - eth_getBalance
[2021/08/28 23:04:06.650] - eth_getTransactionCount
[2021/08/28 23:04:06.650] - eth_getBalance
[2021/08/28 23:04:06.650] - eth_getTransactionCount
[2021/08/28 23:04:06.651] - eth_getBalance
[2021/08/28 23:04:06.651] - eth_getTransactionCount
[2021/08/28 23:04:06.651] - eth_getBalance
[2021/08/28 23:04:06.652] - eth_getTransactionCount
[2021/08/28 23:04:06.656] - eth_getBalance
[2021/08/28 23:04:06.665] - eth_getTransactionCount
[2021/08/28 23:04:06.692] - eth_getBalance
[2021/08/28 23:04:06.702] - eth_getTransactionCount
[2021/08/28 23:04:06.746] - eth_getBalance
[2021/08/28 23:04:06.746] - eth_getTransactionCount
[2021/08/28 23:04:06.747] - eth_getBalance
[2021/08/28 23:04:06.747] - eth_getTransactionCount
[2021/08/28 23:04:06.747] - eth_getBalance
[2021/08/28 23:04:06.763] - eth_getTransactionCount
[2021/08/28 23:04:06.764] - eth_getBalance
[2021/08/28 23:04:06.771] - eth_getTransactionCount
[2021/08/28 23:04:06.782] - eth_getBalance
[2021/08/28 23:04:06.790] - eth_getTransactionCount
[2021/08/28 23:04:06.822] - eth_getBalance
[2021/08/28 23:04:06.822] - eth_getTransactionCount
