[2021/08/28 20:55:52.110] - Starting server with initial configuration: {"gasLimit":6721975,"gasPrice":20000000000,"hardfork":"muirGlacier","hostname":"127.0.0.1","port":8545,"network_id":2024,"default_balance_ether":100,"total_accounts":10,"unlocked_accounts":[],"locked":false,"vmErrorsOnRPCResponse":true,"verbose":false,"db_path":"C:\\Users\\ooshy\\AppData\\Roaming\\Ganache\\workspaces\\Flamingo\\chaindata","logDirectory":"R:\\GitHubSasha\\Flamingo-Token\\LOG_DIRC"}
[2021/08/28 20:55:52.559] - eth_subscribe
[2021/08/28 20:55:52.560] - eth_getLogs
[2021/08/28 20:55:52.560] - eth_subscribe
[2021/08/28 20:55:52.583] - eth_subscribe
[2021/08/28 20:55:52.584] - eth_getLogs
[2021/08/28 20:55:52.585] - eth_subscribe
[2021/08/28 20:55:52.612] - eth_subscribe
[2021/08/28 20:55:52.614] - eth_blockNumber
[2021/08/28 20:55:52.614] - eth_accounts
[2021/08/28 20:55:52.614] - eth_gasPrice
[2021/08/28 20:55:52.615] - eth_blockNumber
[2021/08/28 20:55:52.615] - eth_getBlockByNumber
[2021/08/28 20:55:52.615] - eth_subscribe
[2021/08/28 20:55:52.616] - eth_accounts
[2021/08/28 20:55:52.617] - eth_gasPrice
[2021/08/28 20:55:52.617] - eth_getBlockByNumber
[2021/08/28 20:55:52.632] - eth_getBalance
[2021/08/28 20:55:52.634] - eth_getTransactionCount
[2021/08/28 20:55:52.636] - eth_getBalance
[2021/08/28 20:55:52.639] - eth_getTransactionCount
[2021/08/28 20:55:52.639] - eth_getBalance
[2021/08/28 20:55:52.641] - eth_getTransactionCount
[2021/08/28 20:55:52.643] - eth_getBalance
[2021/08/28 20:55:52.645] - eth_getTransactionCount
[2021/08/28 20:55:52.646] - eth_getBalance
[2021/08/28 20:55:52.650] - eth_getTransactionCount
[2021/08/28 20:55:52.653] - eth_getBalance
[2021/08/28 20:55:52.655] - eth_getTransactionCount
[2021/08/28 20:55:52.657] - eth_getBalance
[2021/08/28 20:55:52.658] - eth_getTransactionCount
[2021/08/28 20:55:52.660] - eth_getBalance
[2021/08/28 20:55:52.661] - eth_getTransactionCount
[2021/08/28 20:55:52.663] - eth_getBalance
[2021/08/28 20:55:52.665] - eth_getTransactionCount
[2021/08/28 20:55:52.667] - eth_getBalance
[2021/08/28 20:55:52.669] - eth_getTransactionCount
[2021/08/28 20:55:52.670] - eth_getBalance
[2021/08/28 20:55:52.671] - eth_getTransactionCount
[2021/08/28 20:55:52.674] - eth_getBalance
[2021/08/28 20:55:52.675] - eth_getTransactionCount
[2021/08/28 20:55:52.677] - eth_getBalance
[2021/08/28 20:55:52.678] - eth_getTransactionCount
[2021/08/28 20:55:52.680] - eth_getBalance
[2021/08/28 20:55:52.681] - eth_getTransactionCount
[2021/08/28 20:55:52.684] - eth_getBalance
[2021/08/28 20:55:52.685] - eth_getTransactionCount
[2021/08/28 20:55:52.686] - eth_getBalance
[2021/08/28 20:55:52.689] - eth_getTransactionCount
[2021/08/28 20:55:52.691] - eth_getBalance
[2021/08/28 20:55:52.692] - eth_getTransactionCount
[2021/08/28 20:55:52.694] - eth_getBalance
[2021/08/28 20:55:52.696] - eth_getTransactionCount
[2021/08/28 20:55:52.699] - eth_getBalance
[2021/08/28 20:55:52.699] - eth_getTransactionCount
[2021/08/28 20:55:52.701] - eth_getBalance
[2021/08/28 20:55:52.701] - eth_getTransactionCount
[2021/08/28 20:55:52.764] - eth_getBalance
[2021/08/28 20:55:52.766] - eth_getTransactionCount
[2021/08/28 20:55:52.768] - eth_getBalance
[2021/08/28 20:55:52.771] - eth_getTransactionCount
[2021/08/28 20:55:52.773] - eth_getBalance
[2021/08/28 20:55:52.774] - eth_getTransactionCount
[2021/08/28 20:55:52.783] - eth_getBalance
[2021/08/28 20:55:52.784] - eth_getTransactionCount
[2021/08/28 20:55:52.785] - eth_getBalance
[2021/08/28 20:55:52.785] - eth_getTransactionCount
[2021/08/28 20:55:52.785] - eth_getBalance
[2021/08/28 20:55:52.786] - eth_getTransactionCount
[2021/08/28 20:55:52.786] - eth_getBalance
[2021/08/28 20:55:52.791] - eth_getTransactionCount
[2021/08/28 20:55:52.791] - eth_getBalance
[2021/08/28 20:55:52.792] - eth_getTransactionCount
[2021/08/28 20:55:52.793] - eth_getBalance
[2021/08/28 20:55:52.796] - eth_getTransactionCount
[2021/08/28 20:55:52.797] - eth_getBalance
[2021/08/28 20:55:52.800] - eth_getTransactionCount
[2021/08/28 20:55:52.804] - eth_getBalance
[2021/08/28 20:55:52.807] - eth_getTransactionCount
[2021/08/28 20:55:52.808] - eth_getBalance
[2021/08/28 20:55:52.809] - eth_getTransactionCount
[2021/08/28 20:55:52.810] - eth_getBalance
[2021/08/28 20:55:52.811] - eth_getTransactionCount
[2021/08/28 20:55:52.812] - eth_getBalance
[2021/08/28 20:55:52.814] - eth_getTransactionCount
[2021/08/28 20:55:52.815] - eth_getBalance
[2021/08/28 20:55:52.817] - eth_getTransactionCount
[2021/08/28 20:55:52.819] - eth_getBalance
[2021/08/28 20:55:52.820] - eth_getTransactionCount
[2021/08/28 20:55:52.821] - eth_getBalance
[2021/08/28 20:55:52.823] - eth_getTransactionCount
[2021/08/28 20:55:52.828] - eth_getBalance
[2021/08/28 20:55:52.828] - eth_getTransactionCount
[2021/08/28 20:55:52.829] - eth_getBalance
[2021/08/28 20:55:52.830] - eth_getTransactionCount
[2021/08/28 20:55:52.832] - eth_getBalance
[2021/08/28 20:55:52.833] - eth_getTransactionCount
[2021/08/28 21:00:03.590] - eth_unsubscribe
[2021/08/28 21:00:03.591] - eth_unsubscribe
