[2021/08/28 21:04:21.658] - Starting server with initial configuration: {"gasLimit":6721975,"gasPrice":20000000000,"hardfork":"muirGlacier","hostname":"127.0.0.1","port":8545,"network_id":2024,"default_balance_ether":100,"total_accounts":10,"unlocked_accounts":[],"locked":false,"vmErrorsOnRPCResponse":true,"verbose":false,"db_path":"C:\\Users\\ooshy\\AppData\\Roaming\\Ganache\\workspaces\\Flamingo\\chaindata","logDirectory":"R:\\GitHubSasha\\Flamingo-Token\\LOG_DIRC"}
[2021/08/28 21:04:21.864] - eth_getCode
[2021/08/28 21:04:21.864] - eth_subscribe
[2021/08/28 21:04:21.865] - eth_getLogs
[2021/08/28 21:04:21.865] - eth_subscribe
[2021/08/28 21:04:21.947] - eth_getCode
[2021/08/28 21:04:21.948] - eth_subscribe
[2021/08/28 21:04:21.948] - eth_getLogs
[2021/08/28 21:04:21.949] - eth_subscribe
[2021/08/28 21:04:21.963] - eth_getCode
[2021/08/28 21:04:21.982] - eth_getCode
[2021/08/28 21:04:22.141] - eth_blockNumber
[2021/08/28 21:04:22.141] - eth_accounts
[2021/08/28 21:04:22.141] - eth_gasPrice
[2021/08/28 21:04:22.142] - eth_getBlockByNumber
[2021/08/28 21:04:22.142] - eth_subscribe
[2021/08/28 21:04:22.175] - eth_accounts
[2021/08/28 21:04:22.227] - eth_getBalance
[2021/08/28 21:04:22.236] - eth_getTransactionCount
[2021/08/28 21:04:22.245] - eth_getBalance
[2021/08/28 21:04:22.258] - eth_getTransactionCount
[2021/08/28 21:04:22.265] - eth_getBalance
[2021/08/28 21:04:22.274] - eth_getTransactionCount
[2021/08/28 21:04:22.283] - eth_getBalance
[2021/08/28 21:04:22.292] - eth_getTransactionCount
[2021/08/28 21:04:22.301] - eth_getBalance
[2021/08/28 21:04:22.308] - eth_getTransactionCount
[2021/08/28 21:04:22.318] - eth_getBalance
[2021/08/28 21:04:22.327] - eth_getTransactionCount
[2021/08/28 21:04:22.335] - eth_getBalance
[2021/08/28 21:04:22.347] - eth_getTransactionCount
[2021/08/28 21:04:22.354] - eth_getBalance
[2021/08/28 21:04:22.363] - eth_getTransactionCount
[2021/08/28 21:04:22.373] - eth_getBalance
[2021/08/28 21:04:22.385] - eth_getTransactionCount
[2021/08/28 21:04:22.389] - eth_getBalance
[2021/08/28 21:04:22.397] - eth_getTransactionCount
[2021/08/28 21:04:22.407] - eth_blockNumber
[2021/08/28 21:04:22.408] - eth_accounts
[2021/08/28 21:04:22.408] - eth_gasPrice
[2021/08/28 21:04:22.408] - eth_getBlockByNumber
[2021/08/28 21:04:22.409] - eth_subscribe
[2021/08/28 21:04:22.501] - eth_getTransactionCount
[2021/08/28 21:04:22.509] - eth_getBalance
[2021/08/28 21:04:22.518] - eth_getTransactionCount
[2021/08/28 21:04:22.526] - eth_getBalance
[2021/08/28 21:04:22.535] - eth_getTransactionCount
[2021/08/28 21:04:22.543] - eth_getBalance
[2021/08/28 21:04:22.553] - eth_getTransactionCount
[2021/08/28 21:04:22.561] - eth_getBalance
[2021/08/28 21:04:22.569] - eth_getTransactionCount
[2021/08/28 21:04:22.580] - eth_getBalance
[2021/08/28 21:04:22.586] - eth_getTransactionCount
[2021/08/28 21:04:22.595] - eth_getBalance
[2021/08/28 21:04:22.605] - eth_getTransactionCount
[2021/08/28 21:04:22.613] - eth_getBalance
[2021/08/28 21:04:22.621] - eth_getTransactionCount
[2021/08/28 21:04:22.631] - eth_getBalance
[2021/08/28 21:04:22.639] - eth_getTransactionCount
[2021/08/28 21:04:22.647] - eth_getBalance
[2021/08/28 21:04:22.656] - eth_getTransactionCount
[2021/08/28 21:04:23.169] - eth_getBalance
[2021/08/28 21:04:23.177] - eth_getTransactionCount
[2021/08/28 21:04:23.187] - eth_getBalance
[2021/08/28 21:04:23.194] - eth_getTransactionCount
[2021/08/28 21:04:23.203] - eth_getBalance
[2021/08/28 21:04:23.214] - eth_getTransactionCount
[2021/08/28 21:04:23.221] - eth_getBalance
[2021/08/28 21:04:23.234] - eth_getTransactionCount
[2021/08/28 21:04:23.242] - eth_getBalance
[2021/08/28 21:04:23.250] - eth_getTransactionCount
[2021/08/28 21:04:23.261] - eth_getBalance
[2021/08/28 21:04:23.268] - eth_getTransactionCount
[2021/08/28 21:04:23.276] - eth_getBalance
[2021/08/28 21:04:23.286] - eth_getTransactionCount
[2021/08/28 21:04:23.295] - eth_getBalance
[2021/08/28 21:04:23.303] - eth_getTransactionCount
[2021/08/28 21:04:23.313] - eth_getBalance
[2021/08/28 21:04:23.322] - eth_getTransactionCount
[2021/08/28 21:04:23.330] - eth_getBalance
[2021/08/28 21:04:23.341] - eth_getTransactionCount
[2021/08/28 21:04:23.349] - eth_getBalance
[2021/08/28 21:04:23.357] - eth_getTransactionCount
[2021/08/28 21:04:23.366] - eth_getBalance
[2021/08/28 21:04:23.376] - eth_getTransactionCount
[2021/08/28 21:04:23.385] - eth_getBalance
[2021/08/28 21:04:23.393] - eth_getTransactionCount
[2021/08/28 21:04:23.404] - eth_getBalance
[2021/08/28 21:04:23.412] - eth_getTransactionCount
[2021/08/28 21:04:23.419] - eth_getBalance
[2021/08/28 21:04:23.445] - eth_getTransactionCount
[2021/08/28 21:04:23.446] - eth_getBalance
[2021/08/28 21:04:23.447] - eth_getTransactionCount
[2021/08/28 21:04:23.459] - eth_getBalance
[2021/08/28 21:04:23.467] - eth_getTransactionCount
[2021/08/28 21:04:23.476] - eth_getBalance
[2021/08/28 21:04:23.486] - eth_getTransactionCount
[2021/08/28 21:04:23.496] - eth_getBalance
[2021/08/28 21:04:23.502] - eth_getTransactionCount
[2021/08/28 21:04:23.513] - eth_getBalance
[2021/08/28 21:04:23.521] - eth_getTransactionCount
[2021/08/28 21:05:53.012] - eth_blockNumber
[2021/08/28 21:05:53.032] - net_version
[2021/08/28 21:09:21.871] - eth_unsubscribe
[2021/08/28 21:09:21.872] - eth_unsubscribe
