[2021/08/28 21:13:58.534] - Starting server with initial configuration: {"gasLimit":6721975,"gasPrice":20000000000,"hardfork":"muirGlacier","hostname":"127.0.0.1","port":8545,"network_id":2024,"default_balance_ether":100,"total_accounts":10,"unlocked_accounts":[],"locked":false,"vmErrorsOnRPCResponse":true,"verbose":false,"db_path":"C:\\Users\\ooshy\\AppData\\Roaming\\Ganache\\workspaces\\Flamingo\\chaindata","logDirectory":"R:\\GitHubSasha\\Flamingo-Token\\LOG_DIRC"}
[2021/08/28 21:13:58.672] - eth_getCode
[2021/08/28 21:13:58.672] - eth_subscribe
[2021/08/28 21:13:58.673] - eth_getLogs
[2021/08/28 21:13:58.674] - eth_subscribe
[2021/08/28 21:13:58.691] - eth_getCode
[2021/08/28 21:13:58.780] - eth_getCode
[2021/08/28 21:13:58.780] - eth_subscribe
[2021/08/28 21:13:58.781] - eth_getLogs
[2021/08/28 21:13:58.782] - eth_subscribe
[2021/08/28 21:13:58.784] - eth_getCode
[2021/08/28 21:13:58.951] - eth_blockNumber
[2021/08/28 21:13:58.951] - eth_accounts
[2021/08/28 21:13:58.952] - eth_blockNumber
[2021/08/28 21:13:58.952] - eth_gasPrice
[2021/08/28 21:13:58.952] - eth_accounts
[2021/08/28 21:13:58.952] - eth_getBlockByNumber
[2021/08/28 21:13:58.953] - eth_gasPrice
[2021/08/28 21:13:58.953] - eth_subscribe
[2021/08/28 21:13:58.953] - eth_getBlockByNumber
[2021/08/28 21:13:58.953] - eth_subscribe
[2021/08/28 21:13:58.984] - eth_accounts
[2021/08/28 21:13:59.037] - eth_getBalance
[2021/08/28 21:13:59.044] - eth_getTransactionCount
[2021/08/28 21:13:59.053] - eth_getBalance
[2021/08/28 21:13:59.062] - eth_getTransactionCount
[2021/08/28 21:13:59.070] - eth_getBalance
[2021/08/28 21:13:59.078] - eth_getTransactionCount
[2021/08/28 21:13:59.088] - eth_getBalance
[2021/08/28 21:13:59.095] - eth_getTransactionCount
[2021/08/28 21:13:59.104] - eth_getBalance
[2021/08/28 21:13:59.113] - eth_getTransactionCount
[2021/08/28 21:13:59.121] - eth_getBalance
[2021/08/28 21:13:59.129] - eth_getTransactionCount
[2021/08/28 21:13:59.138] - eth_getBalance
[2021/08/28 21:13:59.148] - eth_getTransactionCount
[2021/08/28 21:13:59.155] - eth_getBalance
[2021/08/28 21:13:59.171] - eth_getTransactionCount
[2021/08/28 21:13:59.175] - eth_getBalance
[2021/08/28 21:13:59.183] - eth_getTransactionCount
[2021/08/28 21:13:59.192] - eth_getBalance
[2021/08/28 21:13:59.201] - eth_getTransactionCount
[2021/08/28 21:13:59.266] - eth_getBalance
[2021/08/28 21:13:59.275] - eth_getTransactionCount
[2021/08/28 21:13:59.283] - eth_getBalance
[2021/08/28 21:13:59.291] - eth_getTransactionCount
[2021/08/28 21:13:59.301] - eth_getBalance
[2021/08/28 21:13:59.307] - eth_getTransactionCount
[2021/08/28 21:13:59.318] - eth_getBalance
[2021/08/28 21:13:59.324] - eth_getTransactionCount
[2021/08/28 21:13:59.333] - eth_getBalance
[2021/08/28 21:13:59.342] - eth_getTransactionCount
[2021/08/28 21:13:59.351] - eth_getBalance
[2021/08/28 21:13:59.359] - eth_getTransactionCount
[2021/08/28 21:13:59.369] - eth_getBalance
[2021/08/28 21:13:59.378] - eth_getTransactionCount
[2021/08/28 21:13:59.386] - eth_getBalance
[2021/08/28 21:13:59.397] - eth_getTransactionCount
[2021/08/28 21:13:59.405] - eth_getBalance
[2021/08/28 21:13:59.414] - eth_getTransactionCount
[2021/08/28 21:13:59.422] - eth_getBalance
[2021/08/28 21:13:59.431] - eth_getTransactionCount
[2021/08/28 21:13:59.440] - eth_getBalance
[2021/08/28 21:13:59.450] - eth_getTransactionCount
[2021/08/28 21:13:59.458] - eth_getBalance
[2021/08/28 21:13:59.465] - eth_getTransactionCount
[2021/08/28 21:13:59.474] - eth_getBalance
[2021/08/28 21:13:59.481] - eth_getTransactionCount
[2021/08/28 21:13:59.492] - eth_getBalance
[2021/08/28 21:13:59.500] - eth_getTransactionCount
[2021/08/28 21:13:59.508] - eth_getBalance
[2021/08/28 21:13:59.517] - eth_getTransactionCount
[2021/08/28 21:13:59.524] - eth_getBalance
[2021/08/28 21:13:59.533] - eth_getTransactionCount
[2021/08/28 21:13:59.542] - eth_getBalance
[2021/08/28 21:13:59.551] - eth_getTransactionCount
[2021/08/28 21:13:59.558] - eth_getBalance
[2021/08/28 21:13:59.568] - eth_getTransactionCount
[2021/08/28 21:13:59.575] - eth_getBalance
[2021/08/28 21:13:59.584] - eth_getTransactionCount
[2021/08/28 21:13:59.591] - eth_getBalance
[2021/08/28 21:13:59.602] - eth_getTransactionCount
[2021/08/28 21:13:59.721] - eth_getBalance
[2021/08/28 21:13:59.729] - eth_getTransactionCount
[2021/08/28 21:13:59.739] - eth_getBalance
[2021/08/28 21:13:59.747] - eth_getTransactionCount
[2021/08/28 21:13:59.755] - eth_getBalance
[2021/08/28 21:13:59.766] - eth_getTransactionCount
[2021/08/28 21:13:59.773] - eth_getBalance
[2021/08/28 21:13:59.788] - eth_getTransactionCount
[2021/08/28 21:13:59.792] - eth_getBalance
[2021/08/28 21:13:59.800] - eth_getTransactionCount
[2021/08/28 21:13:59.807] - eth_getBalance
[2021/08/28 21:13:59.816] - eth_getTransactionCount
[2021/08/28 21:13:59.837] - eth_getBalance
[2021/08/28 21:13:59.845] - eth_getTransactionCount
[2021/08/28 21:13:59.855] - eth_getBalance
[2021/08/28 21:13:59.861] - eth_getTransactionCount
[2021/08/28 21:13:59.874] - eth_getBalance
[2021/08/28 21:13:59.880] - eth_getTransactionCount
[2021/08/28 21:13:59.887] - eth_getBalance
[2021/08/28 21:13:59.899] - eth_getTransactionCount
[2021/08/28 21:14:09.654] - eth_unsubscribe
[2021/08/28 21:14:09.655] - eth_unsubscribe
