[2021/08/28 21:18:43.601] - Starting server with initial configuration: {"gasLimit":6721975,"gasPrice":20000000000,"hardfork":"muirGlacier","hostname":"127.0.0.1","port":8545,"network_id":2024,"default_balance_ether":100,"total_accounts":10,"unlocked_accounts":[],"locked":false,"vmErrorsOnRPCResponse":true,"verbose":false,"db_path":"C:\\Users\\ooshy\\AppData\\Roaming\\Ganache\\workspaces\\Flamingo\\chaindata","logDirectory":"R:\\GitHubSasha\\Flamingo-Token\\LOG_DIRC"}
[2021/08/28 21:18:43.784] - eth_getCode
[2021/08/28 21:18:43.785] - eth_subscribe
[2021/08/28 21:18:43.785] - eth_getLogs
[2021/08/28 21:18:43.786] - eth_subscribe
[2021/08/28 21:18:43.789] - eth_getCode
[2021/08/28 21:18:43.815] - eth_blockNumber
[2021/08/28 21:18:43.877] - eth_getCode
[2021/08/28 21:18:43.877] - eth_subscribe
[2021/08/28 21:18:43.877] - eth_getLogs
[2021/08/28 21:18:43.879] - eth_subscribe
[2021/08/28 21:18:43.879] - eth_getCode
[2021/08/28 21:18:44.108] - eth_blockNumber
[2021/08/28 21:18:44.109] - eth_accounts
[2021/08/28 21:18:44.110] - eth_gasPrice
[2021/08/28 21:18:44.111] - eth_getBlockByNumber
[2021/08/28 21:18:44.111] - eth_subscribe
[2021/08/28 21:18:44.112] - eth_blockNumber
[2021/08/28 21:18:44.112] - eth_accounts
[2021/08/28 21:18:44.113] - eth_gasPrice
[2021/08/28 21:18:44.114] - eth_getBlockByNumber
[2021/08/28 21:18:44.114] - eth_subscribe
[2021/08/28 21:18:44.152] - eth_accounts
[2021/08/28 21:18:44.206] - eth_getBalance
[2021/08/28 21:18:44.215] - eth_getTransactionCount
[2021/08/28 21:18:44.226] - eth_getBalance
[2021/08/28 21:18:44.235] - eth_getTransactionCount
[2021/08/28 21:18:44.243] - eth_getBalance
[2021/08/28 21:18:44.254] - eth_getTransactionCount
[2021/08/28 21:18:44.261] - eth_getBalance
[2021/08/28 21:18:44.271] - eth_getTransactionCount
[2021/08/28 21:18:44.281] - eth_getBalance
[2021/08/28 21:18:44.289] - eth_getTransactionCount
[2021/08/28 21:18:44.298] - eth_getBalance
[2021/08/28 21:18:44.306] - eth_getTransactionCount
[2021/08/28 21:18:44.316] - eth_getBalance
[2021/08/28 21:18:44.323] - eth_getTransactionCount
[2021/08/28 21:18:44.333] - eth_getBalance
[2021/08/28 21:18:44.342] - eth_getTransactionCount
[2021/08/28 21:18:44.351] - eth_getBalance
[2021/08/28 21:18:44.358] - eth_getTransactionCount
[2021/08/28 21:18:44.368] - eth_getBalance
[2021/08/28 21:18:44.376] - eth_getTransactionCount
[2021/08/28 21:18:44.468] - eth_getBalance
[2021/08/28 21:18:44.477] - eth_getTransactionCount
[2021/08/28 21:18:44.486] - eth_getBalance
[2021/08/28 21:18:44.493] - eth_getTransactionCount
[2021/08/28 21:18:44.502] - eth_getBalance
[2021/08/28 21:18:44.512] - eth_getTransactionCount
[2021/08/28 21:18:44.521] - eth_getBalance
[2021/08/28 21:18:44.528] - eth_getTransactionCount
[2021/08/28 21:18:44.537] - eth_getBalance
[2021/08/28 21:18:44.546] - eth_getTransactionCount
[2021/08/28 21:18:44.555] - eth_getBalance
[2021/08/28 21:18:44.563] - eth_getTransactionCount
[2021/08/28 21:18:44.572] - eth_getBalance
[2021/08/28 21:18:44.581] - eth_getTransactionCount
[2021/08/28 21:18:44.588] - eth_getBalance
[2021/08/28 21:18:44.599] - eth_getTransactionCount
[2021/08/28 21:18:44.606] - eth_getBalance
[2021/08/28 21:18:44.614] - eth_getTransactionCount
[2021/08/28 21:18:44.624] - eth_getBalance
[2021/08/28 21:18:44.632] - eth_getTransactionCount
[2021/08/28 21:18:44.641] - eth_getBalance
[2021/08/28 21:18:44.649] - eth_getTransactionCount
[2021/08/28 21:18:44.658] - eth_getBalance
[2021/08/28 21:18:44.668] - eth_getTransactionCount
[2021/08/28 21:18:44.676] - eth_getBalance
[2021/08/28 21:18:44.688] - eth_getTransactionCount
[2021/08/28 21:18:44.696] - eth_getBalance
[2021/08/28 21:18:44.704] - eth_getTransactionCount
[2021/08/28 21:18:44.713] - eth_getBalance
[2021/08/28 21:18:44.722] - eth_getTransactionCount
[2021/08/28 21:18:44.729] - eth_getBalance
[2021/08/28 21:18:44.740] - eth_getTransactionCount
[2021/08/28 21:18:44.747] - eth_getBalance
[2021/08/28 21:18:44.756] - eth_getTransactionCount
[2021/08/28 21:18:44.764] - eth_getBalance
[2021/08/28 21:18:44.774] - eth_getTransactionCount
[2021/08/28 21:18:44.782] - eth_getBalance
[2021/08/28 21:18:44.790] - eth_getTransactionCount
[2021/08/28 21:18:44.799] - eth_getBalance
[2021/08/28 21:18:44.807] - eth_getTransactionCount
[2021/08/28 21:18:44.886] - eth_getTransactionCount
[2021/08/28 21:18:44.895] - eth_getBalance
[2021/08/28 21:18:44.904] - eth_getTransactionCount
[2021/08/28 21:18:44.914] - eth_getBalance
[2021/08/28 21:18:44.923] - eth_getTransactionCount
[2021/08/28 21:18:44.931] - eth_getBalance
[2021/08/28 21:18:44.941] - eth_getTransactionCount
[2021/08/28 21:18:44.949] - eth_getBalance
[2021/08/28 21:18:44.957] - eth_getTransactionCount
[2021/08/28 21:18:44.967] - eth_getBalance
[2021/08/28 21:18:44.983] - eth_getTransactionCount
[2021/08/28 21:18:44.984] - eth_getBalance
[2021/08/28 21:18:45.003] - eth_getTransactionCount
[2021/08/28 21:18:45.003] - eth_getBalance
[2021/08/28 21:18:45.011] - eth_getTransactionCount
[2021/08/28 21:18:45.019] - eth_getBalance
[2021/08/28 21:18:45.028] - eth_getTransactionCount
[2021/08/28 21:18:45.036] - eth_getBalance
[2021/08/28 21:18:45.044] - eth_getTransactionCount
[2021/08/28 21:19:00.168] - eth_unsubscribe
[2021/08/28 21:19:00.168] - eth_unsubscribe
