[2021/08/28 21:19:00.875] - Starting server with initial configuration: {"gasLimit":6721975,"gasPrice":20000000000,"hardfork":"muirGlacier","hostname":"127.0.0.1","port":8545,"network_id":2024,"default_balance_ether":100,"total_accounts":10,"unlocked_accounts":[],"locked":false,"vmErrorsOnRPCResponse":true,"verbose":false,"db_path":"C:\\Users\\ooshy\\AppData\\Roaming\\Ganache\\workspaces\\Flamingo\\chaindata","logDirectory":"R:\\GitHubSasha\\Flamingo-Token\\LOG_DIRC"}
[2021/08/28 21:19:01.014] - eth_getCode
[2021/08/28 21:19:01.015] - eth_subscribe
[2021/08/28 21:19:01.015] - eth_getLogs
[2021/08/28 21:19:01.016] - eth_subscribe
[2021/08/28 21:19:01.047] - eth_getCode
[2021/08/28 21:19:01.108] - eth_getCode
[2021/08/28 21:19:01.108] - eth_subscribe
[2021/08/28 21:19:01.109] - eth_getLogs
[2021/08/28 21:19:01.110] - eth_subscribe
[2021/08/28 21:19:01.111] - eth_getCode
[2021/08/28 21:19:01.295] - eth_blockNumber
[2021/08/28 21:19:01.297] - eth_accounts
[2021/08/28 21:19:01.298] - eth_blockNumber
[2021/08/28 21:19:01.299] - eth_gasPrice
[2021/08/28 21:19:01.300] - eth_accounts
[2021/08/28 21:19:01.302] - eth_getBlockByNumber
[2021/08/28 21:19:01.303] - eth_gasPrice
[2021/08/28 21:19:01.305] - eth_subscribe
[2021/08/28 21:19:01.305] - eth_getBlockByNumber
[2021/08/28 21:19:01.306] - eth_subscribe
[2021/08/28 21:19:01.347] - eth_accounts
[2021/08/28 21:19:01.431] - eth_getBalance
[2021/08/28 21:19:01.440] - eth_getTransactionCount
[2021/08/28 21:19:01.451] - eth_getBalance
[2021/08/28 21:19:01.459] - eth_getTransactionCount
[2021/08/28 21:19:01.469] - eth_getBalance
[2021/08/28 21:19:01.477] - eth_getTransactionCount
[2021/08/28 21:19:01.486] - eth_getBalance
[2021/08/28 21:19:01.495] - eth_getTransactionCount
[2021/08/28 21:19:01.504] - eth_getBalance
[2021/08/28 21:19:01.513] - eth_getTransactionCount
[2021/08/28 21:19:01.521] - eth_getBalance
[2021/08/28 21:19:01.532] - eth_getTransactionCount
[2021/08/28 21:19:01.540] - eth_getBalance
[2021/08/28 21:19:01.548] - eth_getTransactionCount
[2021/08/28 21:19:01.556] - eth_getBalance
[2021/08/28 21:19:01.566] - eth_getTransactionCount
[2021/08/28 21:19:01.575] - eth_getBalance
[2021/08/28 21:19:01.582] - eth_getTransactionCount
[2021/08/28 21:19:01.593] - eth_getBalance
[2021/08/28 21:19:01.601] - eth_getTransactionCount
[2021/08/28 21:19:01.626] - eth_getBalance
[2021/08/28 21:19:01.634] - eth_getTransactionCount
[2021/08/28 21:19:01.644] - eth_getBalance
[2021/08/28 21:19:01.655] - eth_getTransactionCount
[2021/08/28 21:19:01.661] - eth_getBalance
[2021/08/28 21:19:01.669] - eth_getTransactionCount
[2021/08/28 21:19:01.679] - eth_getBalance
[2021/08/28 21:19:01.687] - eth_getTransactionCount
[2021/08/28 21:19:01.696] - eth_getBalance
[2021/08/28 21:19:01.705] - eth_getTransactionCount
[2021/08/28 21:19:01.714] - eth_getBalance
[2021/08/28 21:19:01.721] - eth_getTransactionCount
[2021/08/28 21:19:01.732] - eth_getBalance
[2021/08/28 21:19:01.740] - eth_getTransactionCount
[2021/08/28 21:19:01.748] - eth_getBalance
[2021/08/28 21:19:01.758] - eth_getTransactionCount
[2021/08/28 21:19:01.765] - eth_getBalance
[2021/08/28 21:19:01.774] - eth_getTransactionCount
[2021/08/28 21:19:01.781] - eth_getBalance
[2021/08/28 21:19:01.792] - eth_getTransactionCount
[2021/08/28 21:19:01.799] - eth_getBalance
[2021/08/28 21:19:01.808] - eth_getTransactionCount
[2021/08/28 21:19:01.818] - eth_getBalance
[2021/08/28 21:19:01.828] - eth_getTransactionCount
[2021/08/28 21:19:01.837] - eth_getBalance
[2021/08/28 21:19:01.847] - eth_getTransactionCount
[2021/08/28 21:19:01.855] - eth_getBalance
[2021/08/28 21:19:01.863] - eth_getTransactionCount
[2021/08/28 21:19:01.873] - eth_getBalance
[2021/08/28 21:19:01.882] - eth_getTransactionCount
[2021/08/28 21:19:01.889] - eth_getBalance
[2021/08/28 21:19:01.898] - eth_getTransactionCount
[2021/08/28 21:19:01.908] - eth_getBalance
[2021/08/28 21:19:01.920] - eth_getTransactionCount
[2021/08/28 21:19:01.929] - eth_getBalance
[2021/08/28 21:19:01.939] - eth_getTransactionCount
[2021/08/28 21:19:01.947] - eth_getBalance
[2021/08/28 21:19:01.955] - eth_getTransactionCount
[2021/08/28 21:19:01.965] - eth_getBalance
[2021/08/28 21:19:01.973] - eth_getTransactionCount
[2021/08/28 21:19:02.123] - eth_getTransactionCount
[2021/08/28 21:19:02.132] - eth_getBalance
[2021/08/28 21:19:02.139] - eth_getTransactionCount
[2021/08/28 21:19:02.149] - eth_getBalance
[2021/08/28 21:19:02.159] - eth_getTransactionCount
[2021/08/28 21:19:02.166] - eth_getBalance
[2021/08/28 21:19:02.175] - eth_getTransactionCount
[2021/08/28 21:19:02.182] - eth_getBalance
[2021/08/28 21:19:02.192] - eth_getTransactionCount
[2021/08/28 21:19:02.204] - eth_getBalance
[2021/08/28 21:19:02.209] - eth_getTransactionCount
[2021/08/28 21:19:02.217] - eth_getBalance
[2021/08/28 21:19:02.236] - eth_getTransactionCount
[2021/08/28 21:19:02.236] - eth_getBalance
[2021/08/28 21:19:02.244] - eth_getTransactionCount
[2021/08/28 21:19:02.252] - eth_getBalance
[2021/08/28 21:19:02.262] - eth_getTransactionCount
[2021/08/28 21:19:02.272] - eth_getBalance
[2021/08/28 21:19:02.278] - eth_getTransactionCount
[2021/08/28 21:19:04.157] - eth_blockNumber
[2021/08/28 21:19:15.463] - eth_blockNumber
[2021/08/28 21:19:15.481] - net_version
[2021/08/28 21:19:15.506] - eth_getBlockByNumber
[2021/08/28 21:19:15.540] - eth_accounts
[2021/08/28 21:19:15.587] - eth_getBlockByNumber
[2021/08/28 21:19:15.602] - eth_getBlockByNumber
[2021/08/28 21:19:15.619] - eth_getBlockByNumber
[2021/08/28 21:19:15.638] - eth_estimateGas
[2021/08/28 21:19:15.846] - eth_getBlockByNumber
[2021/08/28 21:19:15.846] - eth_blockNumber
[2021/08/28 21:19:15.867] - eth_sendTransaction
[2021/08/28 21:19:16.011] - 
[2021/08/28 21:19:16.011] -   Transaction: 0xeb127b7a928949e5771976ce1d4daba8d9cb2d871e5bfd93972dbc38a0d0139b
[2021/08/28 21:19:16.011] -   Contract created: 0xd78d6d3d6a12686d589f3267d480697393100611
[2021/08/28 21:19:16.011] -   Gas usage: 178474
[2021/08/28 21:19:16.012] -   Block Number: 5
[2021/08/28 21:19:16.012] -   Block Time: Sat Aug 28 2021 21:19:15 GMT-0400 (Eastern Daylight Time)
[2021/08/28 21:19:16.012] - 
[2021/08/28 21:19:16.017] - eth_getTransactionReceipt
[2021/08/28 21:19:16.038] - eth_getCode
[2021/08/28 21:19:16.054] - eth_getTransactionByHash
[2021/08/28 21:19:16.069] - eth_getBlockByNumber
[2021/08/28 21:19:16.082] - eth_getBalance
[2021/08/28 21:19:16.100] - eth_getBlockByNumber
[2021/08/28 21:19:16.113] - eth_getBlockByNumber
[2021/08/28 21:19:16.131] - eth_sendTransaction
[2021/08/28 21:19:16.260] - 
[2021/08/28 21:19:16.260] -   Transaction: 0x6cd7a2fd5acba0044e7544f45aee1a54952872391ff20ca1c4b6d53a39cf3323
[2021/08/28 21:19:16.260] -   Gas usage: 42278
[2021/08/28 21:19:16.260] -   Block Number: 6
[2021/08/28 21:19:16.260] -   Block Time: Sat Aug 28 2021 21:19:16 GMT-0400 (Eastern Daylight Time)
[2021/08/28 21:19:16.261] - 
[2021/08/28 21:19:16.264] - eth_getTransactionReceipt
[2021/08/28 21:19:16.350] - eth_getBlockByNumber
[2021/08/28 21:19:16.361] - eth_accounts
[2021/08/28 21:19:16.394] - eth_getBlockByNumber
[2021/08/28 21:19:16.408] - eth_getBlockByNumber
[2021/08/28 21:19:16.422] - eth_getBlockByNumber
[2021/08/28 21:19:16.443] - eth_estimateGas
[2021/08/28 21:19:17.061] - eth_getBlockByNumber
[2021/08/28 21:19:17.062] - eth_getBlockByNumber
[2021/08/28 21:19:17.062] - eth_blockNumber
[2021/08/28 21:19:17.065] - eth_getBlockByNumber
[2021/08/28 21:19:17.069] - eth_sendTransaction
[2021/08/28 21:19:17.322] - 
[2021/08/28 21:19:17.323] -   Transaction: 0xcced3376d1c060026d9a6b320403637e5d9a1f276a16f5fc6ff54475b686fb93
[2021/08/28 21:19:17.323] -   Contract created: 0x9c857b54e1da8c6390cb445bb5832a47d8b0ada5
[2021/08/28 21:19:17.323] -   Gas usage: 1238134
[2021/08/28 21:19:17.323] -   Block Number: 7
[2021/08/28 21:19:17.324] -   Block Time: Sat Aug 28 2021 21:19:17 GMT-0400 (Eastern Daylight Time)
[2021/08/28 21:19:17.324] - 
[2021/08/28 21:19:17.327] - eth_getBlockByNumber
[2021/08/28 21:19:17.329] - eth_getTransactionReceipt
[2021/08/28 21:19:17.332] - eth_getBlockByNumber
[2021/08/28 21:19:17.335] - eth_getCode
[2021/08/28 21:19:17.348] - eth_getTransactionByHash
[2021/08/28 21:19:17.359] - eth_getBlockByNumber
[2021/08/28 21:19:17.373] - eth_getBalance
[2021/08/28 21:19:17.397] - eth_getBlockByNumber
[2021/08/28 21:19:17.418] - eth_getBlockByNumber
[2021/08/28 21:19:17.437] - eth_getBlockByNumber
[2021/08/28 21:19:17.451] - eth_sendTransaction
[2021/08/28 21:19:17.706] - 
[2021/08/28 21:19:17.719] -   Transaction: 0x9954ac6673cec85a9c64a92fad1de1bec11f969005931ad03a35f5230a4fb9b8
[2021/08/28 21:19:17.736] -   Gas usage: 27278
[2021/08/28 21:19:17.754] -   Block Number: 8
[2021/08/28 21:19:17.754] -   Block Time: Sat Aug 28 2021 21:19:17 GMT-0400 (Eastern Daylight Time)
[2021/08/28 21:19:17.758] - 
[2021/08/28 21:19:17.797] - eth_getTransactionReceipt
[2021/08/28 21:19:17.831] - eth_getBlockByNumber
[2021/08/28 21:19:18.046] - eth_getBalance
[2021/08/28 21:19:18.062] - eth_getTransactionCount
[2021/08/28 21:19:18.067] - eth_getBlockByNumber
[2021/08/28 21:19:18.073] - eth_getBalance
[2021/08/28 21:19:18.085] - eth_getTransactionCount
[2021/08/28 21:19:18.108] - eth_getBalance
[2021/08/28 21:19:18.113] - eth_getTransactionCount
[2021/08/28 21:19:18.126] - eth_getBalance
[2021/08/28 21:19:18.138] - eth_getTransactionCount
[2021/08/28 21:19:18.148] - eth_getBalance
[2021/08/28 21:19:18.157] - eth_getTransactionCount
[2021/08/28 21:19:18.158] - eth_getBlockByNumber
[2021/08/28 21:19:18.174] - eth_getBalance
[2021/08/28 21:19:18.182] - eth_getTransactionCount
[2021/08/28 21:19:18.192] - eth_getBalance
[2021/08/28 21:19:18.205] - eth_getTransactionCount
[2021/08/28 21:19:18.215] - eth_getBalance
[2021/08/28 21:19:18.224] - eth_getTransactionCount
[2021/08/28 21:19:18.237] - eth_getBalance
[2021/08/28 21:19:18.247] - eth_getTransactionCount
[2021/08/28 21:19:18.259] - eth_getBalance
[2021/08/28 21:19:18.269] - eth_getTransactionCount
[2021/08/28 21:19:18.283] - eth_getBalance
[2021/08/28 21:19:18.293] - eth_getTransactionCount
[2021/08/28 21:19:18.307] - eth_getBalance
[2021/08/28 21:19:18.316] - eth_getTransactionCount
[2021/08/28 21:19:18.325] - eth_getBalance
[2021/08/28 21:19:18.336] - eth_getTransactionCount
[2021/08/28 21:19:18.347] - eth_getBalance
[2021/08/28 21:19:18.357] - eth_getTransactionCount
[2021/08/28 21:19:18.366] - eth_getBalance
[2021/08/28 21:19:18.395] - eth_getTransactionCount
[2021/08/28 21:19:18.404] - eth_getBalance
[2021/08/28 21:19:18.415] - eth_getTransactionCount
[2021/08/28 21:19:18.424] - eth_getBalance
[2021/08/28 21:19:18.435] - eth_getTransactionCount
[2021/08/28 21:19:18.445] - eth_getBalance
[2021/08/28 21:19:18.454] - eth_getTransactionCount
[2021/08/28 21:19:18.466] - eth_getBalance
[2021/08/28 21:19:18.476] - eth_getTransactionCount
[2021/08/28 21:19:18.485] - eth_getBalance
[2021/08/28 21:19:18.497] - eth_getTransactionCount
[2021/08/28 21:19:18.681] - eth_getBlockByNumber
[2021/08/28 21:19:20.002] - eth_getBalance
[2021/08/28 21:19:20.013] - eth_getTransactionCount
[2021/08/28 21:19:20.023] - eth_getBalance
[2021/08/28 21:19:20.031] - eth_getTransactionCount
[2021/08/28 21:19:20.040] - eth_getBalance
[2021/08/28 21:19:20.051] - eth_getTransactionCount
[2021/08/28 21:19:20.060] - eth_getBalance
[2021/08/28 21:19:20.071] - eth_getTransactionCount
[2021/08/28 21:19:20.082] - eth_getBalance
[2021/08/28 21:19:20.091] - eth_getTransactionCount
[2021/08/28 21:19:20.101] - eth_getBalance
[2021/08/28 21:19:20.111] - eth_getTransactionCount
[2021/08/28 21:19:20.120] - eth_getBalance
[2021/08/28 21:19:20.129] - eth_getTransactionCount
[2021/08/28 21:19:20.140] - eth_getBalance
[2021/08/28 21:19:20.150] - eth_getTransactionCount
[2021/08/28 21:19:20.159] - eth_getBalance
[2021/08/28 21:19:20.169] - eth_getTransactionCount
[2021/08/28 21:19:20.179] - eth_getBalance
[2021/08/28 21:19:20.188] - eth_getTransactionCount
[2021/08/28 21:19:21.748] - eth_getBalance
[2021/08/28 21:19:21.760] - eth_getTransactionCount
[2021/08/28 21:19:21.775] - eth_getBalance
[2021/08/28 21:19:21.787] - eth_getTransactionCount
[2021/08/28 21:19:21.801] - eth_getBalance
[2021/08/28 21:19:21.813] - eth_getTransactionCount
[2021/08/28 21:19:21.828] - eth_getBalance
[2021/08/28 21:19:21.840] - eth_getTransactionCount
[2021/08/28 21:19:21.855] - eth_getBalance
[2021/08/28 21:19:21.868] - eth_getTransactionCount
[2021/08/28 21:19:21.883] - eth_getBalance
[2021/08/28 21:19:21.895] - eth_getTransactionCount
[2021/08/28 21:19:21.910] - eth_getBalance
[2021/08/28 21:19:21.923] - eth_getTransactionCount
[2021/08/28 21:19:21.938] - eth_getBalance
[2021/08/28 21:19:21.954] - eth_getTransactionCount
[2021/08/28 21:19:21.973] - eth_getBalance
[2021/08/28 21:19:21.997] - eth_getTransactionCount
[2021/08/28 21:19:24.178] - eth_blockNumber
[2021/08/28 21:19:24.207] - eth_getBlockByNumber
[2021/08/28 21:19:24.225] - eth_getBalance
[2021/08/28 21:19:24.233] - eth_getBalance
[2021/08/28 21:19:24.251] - eth_getBalance
[2021/08/28 21:19:24.265] - eth_getBalance
[2021/08/28 21:19:24.279] - eth_getBalance
[2021/08/28 21:19:24.295] - eth_getBalance
[2021/08/28 21:19:24.311] - eth_getBalance
[2021/08/28 21:19:24.327] - eth_getBalance
[2021/08/28 21:19:24.343] - eth_getBalance
[2021/08/28 21:19:25.301] - eth_getBalance
[2021/08/28 21:19:25.420] - eth_getTransactionReceipt
[2021/08/28 21:19:25.469] - eth_getBlockByNumber
[2021/08/28 21:19:25.608] - net_version
[2021/08/28 21:19:25.625] - eth_getCode
[2021/08/28 21:19:25.700] - net_version
[2021/08/28 21:19:25.717] - eth_getCode
[2021/08/28 21:19:25.794] - net_version
[2021/08/28 21:19:25.812] - eth_getCode
[2021/08/28 21:19:25.826] - eth_getBlockByNumber
[2021/08/28 21:19:25.842] - eth_getBalance
[2021/08/28 21:19:25.858] - eth_getTransactionCount
[2021/08/28 21:19:25.876] - eth_getStorageAt
[2021/08/28 21:19:25.890] - eth_getStorageAt
[2021/08/28 21:19:25.910] - eth_getStorageAt
[2021/08/28 21:19:25.922] - eth_getStorageAt
[2021/08/28 21:19:25.936] - eth_getStorageAt
[2021/08/28 21:19:25.953] - eth_getStorageAt
[2021/08/28 21:19:25.967] - eth_getStorageAt
[2021/08/28 21:19:25.985] - eth_getStorageAt
[2021/08/28 21:19:25.999] - eth_getStorageAt
[2021/08/28 21:35:00.282] - eth_blockNumber
[2021/08/28 21:49:51.309] - eth_blockNumber
[2021/08/28 21:49:53.579] - eth_blockNumber
[2021/08/28 22:16:48.612] - eth_blockNumber
[2021/08/28 22:16:51.655] - eth_blockNumber
[2021/08/28 22:17:09.132] - eth_blockNumber
[2021/08/28 22:17:29.461] - eth_blockNumber
[2021/08/28 22:17:49.502] - eth_blockNumber
[2021/08/28 22:24:47.087] - eth_blockNumber
[2021/08/28 22:24:47.387] - eth_getLogs
[2021/08/28 22:24:47.841] - eth_blockNumber
[2021/08/28 22:25:07.415] - eth_blockNumber
[2021/08/28 22:25:07.867] - eth_blockNumber
[2021/08/28 22:25:27.446] - eth_blockNumber
[2021/08/28 22:25:27.895] - eth_blockNumber
[2021/08/28 22:25:47.781] - eth_blockNumber
[2021/08/28 22:25:47.925] - eth_blockNumber
[2021/08/28 22:26:07.818] - eth_blockNumber
[2021/08/28 22:26:07.945] - eth_blockNumber
[2021/08/28 22:26:28.153] - eth_blockNumber
[2021/08/28 22:26:28.170] - eth_blockNumber
[2021/08/28 22:26:48.176] - eth_blockNumber
[2021/08/28 22:26:48.191] - eth_blockNumber
[2021/08/28 22:27:08.522] - eth_blockNumber
[2021/08/28 22:27:08.523] - eth_blockNumber
[2021/08/28 22:27:28.850] - eth_blockNumber
[2021/08/28 22:27:28.864] - eth_blockNumber
[2021/08/28 22:27:48.879] - eth_blockNumber
[2021/08/28 22:27:48.894] - eth_blockNumber
[2021/08/28 22:28:09.278] - eth_blockNumber
[2021/08/28 22:28:09.278] - eth_blockNumber
[2021/08/28 22:28:29.600] - eth_blockNumber
[2021/08/28 22:28:29.617] - eth_blockNumber
[2021/08/28 22:28:49.936] - eth_blockNumber
[2021/08/28 22:28:49.950] - eth_blockNumber
[2021/08/28 22:29:10.271] - eth_blockNumber
[2021/08/28 22:29:10.285] - eth_blockNumber
[2021/08/28 22:29:30.616] - eth_blockNumber
[2021/08/28 22:29:30.617] - eth_blockNumber
[2021/08/28 22:29:51.021] - eth_blockNumber
[2021/08/28 22:29:51.023] - eth_blockNumber
[2021/08/28 22:30:11.033] - eth_blockNumber
[2021/08/28 22:30:11.049] - eth_blockNumber
[2021/08/28 22:30:31.377] - eth_blockNumber
[2021/08/28 22:30:31.390] - eth_blockNumber
[2021/08/28 22:30:51.716] - eth_blockNumber
[2021/08/28 22:30:51.739] - eth_blockNumber
[2021/08/28 22:31:12.068] - eth_blockNumber
[2021/08/28 22:31:12.082] - eth_blockNumber
[2021/08/28 22:31:32.443] - eth_blockNumber
[2021/08/28 22:31:32.444] - eth_blockNumber
[2021/08/28 22:31:52.788] - eth_blockNumber
[2021/08/28 22:31:52.805] - eth_blockNumber
[2021/08/28 22:32:13.128] - eth_blockNumber
[2021/08/28 22:32:13.154] - eth_blockNumber
[2021/08/28 22:32:33.474] - eth_blockNumber
[2021/08/28 22:32:33.474] - eth_blockNumber
[2021/08/28 22:32:53.811] - eth_blockNumber
[2021/08/28 22:32:53.827] - eth_blockNumber
[2021/08/28 22:33:14.153] - eth_blockNumber
[2021/08/28 22:33:14.153] - eth_blockNumber
[2021/08/28 22:33:34.188] - eth_blockNumber
[2021/08/28 22:33:34.214] - eth_blockNumber
[2021/08/28 22:33:54.529] - eth_blockNumber
[2021/08/28 22:33:54.545] - eth_blockNumber
[2021/08/28 22:34:14.552] - eth_blockNumber
[2021/08/28 22:34:14.569] - eth_blockNumber
[2021/08/28 22:34:34.895] - eth_blockNumber
[2021/08/28 22:34:34.895] - eth_blockNumber
[2021/08/28 22:34:54.925] - eth_blockNumber
[2021/08/28 22:34:54.943] - eth_blockNumber
[2021/08/28 22:35:15.266] - eth_blockNumber
[2021/08/28 22:35:15.303] - eth_blockNumber
[2021/08/28 22:35:35.320] - eth_blockNumber
[2021/08/28 22:35:35.335] - eth_blockNumber
[2021/08/28 22:36:04.285] - eth_blockNumber
[2021/08/28 22:36:04.301] - eth_blockNumber
[2021/08/28 22:36:24.310] - eth_blockNumber
[2021/08/28 22:36:24.325] - eth_blockNumber
[2021/08/28 22:36:44.648] - eth_blockNumber
[2021/08/28 22:36:44.664] - eth_blockNumber
[2021/08/28 22:37:04.991] - eth_blockNumber
[2021/08/28 22:37:05.005] - eth_blockNumber
[2021/08/28 22:37:25.324] - eth_blockNumber
[2021/08/28 22:37:25.339] - eth_blockNumber
[2021/08/28 22:37:45.658] - eth_blockNumber
[2021/08/28 22:37:45.673] - eth_blockNumber
[2021/08/28 22:38:05.685] - eth_blockNumber
[2021/08/28 22:38:05.701] - eth_blockNumber
[2021/08/28 22:38:26.023] - eth_blockNumber
[2021/08/28 22:38:26.036] - eth_blockNumber
[2021/08/28 22:38:46.053] - eth_blockNumber
[2021/08/28 22:38:46.067] - eth_blockNumber
[2021/08/28 22:39:06.390] - eth_blockNumber
[2021/08/28 22:39:06.426] - eth_blockNumber
[2021/08/28 22:39:26.446] - eth_blockNumber
[2021/08/28 22:39:26.459] - eth_blockNumber
[2021/08/28 22:39:46.477] - eth_blockNumber
[2021/08/28 22:39:46.500] - eth_blockNumber
[2021/08/28 22:40:06.523] - eth_blockNumber
[2021/08/28 22:40:06.538] - eth_blockNumber
[2021/08/28 22:40:26.558] - eth_blockNumber
[2021/08/28 22:40:26.573] - eth_blockNumber
[2021/08/28 22:45:52.134] - eth_unsubscribe
[2021/08/28 22:45:52.194] - eth_unsubscribe
